{"level":"info","message":"Starting assets export","timestamp":"2020-10-21T11:58:38.074Z"}
{"level":"info","message":"Downloaded avatar1.jpg: blte5dfc762536beaa1 successfully!","timestamp":"2020-10-21T11:58:39.701Z"}
{"level":"info","message":"Downloaded avatar5.jpg: bltc0ef767a9db540cd successfully!","timestamp":"2020-10-21T11:58:39.733Z"}
{"level":"info","message":"Downloaded services.jpg: blt09d8a0569fe1d430 successfully!","timestamp":"2020-10-21T11:58:39.747Z"}
{"level":"info","message":"Downloaded service.jpg: blt63b0c6fbd1c16fb5 successfully!","timestamp":"2020-10-21T11:58:39.800Z"}
{"level":"info","message":"Downloaded about.PNG: blte97adbfc502fdbca successfully!","timestamp":"2020-10-21T11:58:39.818Z"}
{"level":"info","message":"Downloaded avatar2.jpg: blt243800f3e21ff5cd successfully!","timestamp":"2020-10-21T11:58:40.444Z"}
{"level":"info","message":"Downloaded Optimized-banner-nexttheme-min.jpeg: bltafbaa2ba6d77b829 successfully!","timestamp":"2020-10-21T11:58:40.491Z"}
{"level":"info","message":"Downloaded avatar3.png: blt95f61652d1190a59 successfully!","timestamp":"2020-10-21T11:58:41.013Z"}
{"level":"info","message":"Downloaded avatar6.jpg: blt1aeadb215475daa8 successfully!","timestamp":"2020-10-21T11:58:41.147Z"}
{"level":"info","message":"Downloaded sports.jpg: blt0edeac6bfc3a1984 successfully!","timestamp":"2020-10-21T11:58:41.758Z"}
{"level":"info","message":"Downloaded gaming1.jpg: blt514b878bb2732127 successfully!","timestamp":"2020-10-21T11:58:41.988Z"}
{"level":"info","message":"Downloaded technology.jpg: bltd1ca0ba5bfc00c52 successfully!","timestamp":"2020-10-21T11:58:42.205Z"}
{"level":"info","message":"Downloaded food_blog.jpg: bltafeef9519a4d54d0 successfully!","timestamp":"2020-10-21T11:58:42.208Z"}
{"level":"info","message":"Downloaded logo.png: bltcf0a747fd2e77f2f successfully!","timestamp":"2020-10-21T11:58:42.492Z"}
{"level":"info","message":"Downloaded education.jpg: bltd193a5b394916c36 successfully!","timestamp":"2020-10-21T11:58:42.605Z"}
{"level":"info","message":"Downloaded work1.jpg: blt749e5f014bfa87c1 successfully!","timestamp":"2020-10-21T11:58:42.849Z"}
{"level":"info","message":"Downloaded travel_blog.jpg: blte8ce1ac4975d3894 successfully!","timestamp":"2020-10-21T11:58:43.301Z"}
{"level":"info","message":"Downloaded work3.jpg: blt51ee93b33fd63c5c successfully!","timestamp":"2020-10-21T11:58:43.332Z"}
{"level":"info","message":"Downloaded abc.jpg: bltc076018a7300ba37 successfully!","timestamp":"2020-10-21T11:58:43.520Z"}
{"level":"info","message":"Downloaded travel_blog_carousel_1.jpg: bltb343e48e993338d0 successfully!","timestamp":"2020-10-21T11:58:47.504Z"}
{"level":"info","message":"Batch no 1 of assets is complete","timestamp":"2020-10-21T11:58:47.505Z"}
{"level":"info","message":"Downloaded work3.jpg: blt2d0d5920bc969c4e successfully!","timestamp":"2020-10-21T11:58:48.513Z"}
{"level":"info","message":"Downloaded avatar5.jpg: blte19ea35e06d19328 successfully!","timestamp":"2020-10-21T11:58:48.515Z"}
{"level":"info","message":"Downloaded work1.jpg: blt549da774059b1759 successfully!","timestamp":"2020-10-21T11:58:48.545Z"}
{"level":"info","message":"Downloaded logo.png: bltb12207290566797e successfully!","timestamp":"2020-10-21T11:58:48.587Z"}
{"level":"info","message":"Downloaded abc.jpg: blt16088f4aae7f8e5c successfully!","timestamp":"2020-10-21T11:58:48.727Z"}
{"level":"info","message":"Downloaded avatar2.jpg: bltab7228a6c4f34102 successfully!","timestamp":"2020-10-21T11:58:49.141Z"}
{"level":"info","message":"Downloaded avatar3.png: blt7f762e983f3807f7 successfully!","timestamp":"2020-10-21T11:58:49.170Z"}
{"level":"info","message":"Downloaded Optimized-banner-nexttheme-min.jpeg: blt3c3088292f0c79c8 successfully!","timestamp":"2020-10-21T11:58:49.239Z"}
{"level":"info","message":"Downloaded avatar6.jpg: blt2a3f27fbf19c5d39 successfully!","timestamp":"2020-10-21T11:58:49.318Z"}
{"level":"info","message":"Downloaded food_blog.jpg: blt0715bc96d688c5ba successfully!","timestamp":"2020-10-21T11:58:50.558Z"}
{"level":"info","message":"Downloaded travel_blog.jpg: blt38e14f33f6057d79 successfully!","timestamp":"2020-10-21T11:58:50.687Z"}
{"level":"info","message":"Downloaded technology.jpg: bltc895a46e51e7724f successfully!","timestamp":"2020-10-21T11:58:50.743Z"}
{"level":"info","message":"Downloaded gaming1.jpg: bltef45da76d52f05a2 successfully!","timestamp":"2020-10-21T11:58:51.198Z"}
{"level":"info","message":"Downloaded service.jpg: blt506954a63534f01b successfully!","timestamp":"2020-10-21T11:58:51.333Z"}
{"level":"info","message":"Downloaded about.PNG: blt9b5e9046614df902 successfully!","timestamp":"2020-10-21T11:58:51.392Z"}
{"level":"info","message":"Downloaded travel_blog_carousel_1.jpg: blt549150d9ad67c5e7 successfully!","timestamp":"2020-10-21T11:58:52.620Z"}
{"level":"info","message":"Downloaded avatar2.jpg: bltb9bbf71288a757a3 successfully!","timestamp":"2020-10-21T11:58:58.688Z"}
{"level":"info","message":"Downloaded avatar3.png: blte64ca3284808b0db successfully!","timestamp":"2020-10-21T11:58:58.703Z"}
{"level":"info","message":"Downloaded Optimized-banner-nexttheme-min.jpeg: blteb612c5f4017e3bc successfully!","timestamp":"2020-10-21T11:58:58.727Z"}
{"level":"info","message":"Downloaded services.jpg: bltcdfa56c4b4436e7d successfully!","timestamp":"2020-10-21T11:58:59.287Z"}
{"level":"info","message":"Downloaded avatar1.jpg: blt90dca0ad1ac09007 successfully!","timestamp":"2020-10-21T11:58:59.335Z"}
{"level":"info","message":"Downloaded background.png: bltf531cf7a756d2cf6 successfully!","timestamp":"2020-10-21T11:59:00.009Z"}
{"level":"info","message":"Downloaded gaming1.jpg: blt0814e1d32b8ebf7b successfully!","timestamp":"2020-10-21T11:59:00.086Z"}
{"level":"info","message":"Downloaded technology.jpg: blt8d7d78a5f4871272 successfully!","timestamp":"2020-10-21T11:59:00.421Z"}
{"level":"info","message":"Downloaded avatar4.jpg: bltaf3e3981880ebda3 successfully!","timestamp":"2020-10-21T11:59:00.679Z"}
{"level":"info","message":"Downloaded avatar2.jpg: bltdf2bc0d6b72a3631 successfully!","timestamp":"2020-10-21T11:59:01.088Z"}
{"level":"info","message":"Downloaded Optimized-banner-nexttheme-min.jpeg: blt95f47c00efebd120 successfully!","timestamp":"2020-10-21T11:59:01.366Z"}
{"level":"info","message":"Downloaded sports.jpg: bltebdd54c3194ac375 successfully!","timestamp":"2020-10-21T11:59:01.505Z"}
{"level":"info","message":"Downloaded avatar6.jpg: blt9446fb1abed4c7f6 successfully!","timestamp":"2020-10-21T11:59:01.695Z"}
{"level":"info","message":"Downloaded gaming.jpg: bltacae4b55fea67e48 successfully!","timestamp":"2020-10-21T11:59:01.851Z"}
{"level":"info","message":"Downloaded avatar3.png: blt29157f0d8b2e128d successfully!","timestamp":"2020-10-21T11:59:01.933Z"}
{"level":"info","message":"Downloaded Blog_banner.jpg: bltfb00e76cfd0515cb successfully!","timestamp":"2020-10-21T11:59:02.283Z"}
{"level":"info","message":"Downloaded food_blog.jpg: blt8b383763dc9a0404 successfully!","timestamp":"2020-10-21T11:59:03.334Z"}
{"level":"info","message":"Downloaded education.jpg: blt2afc5d97e778e737 successfully!","timestamp":"2020-10-21T11:59:03.780Z"}
{"level":"info","message":"Downloaded gaming1.jpg: bltd26157f4b89e65fb successfully!","timestamp":"2020-10-21T11:59:04.031Z"}
{"level":"info","message":"Downloaded technology.jpg: bltfef13545bbf6589e successfully!","timestamp":"2020-10-21T11:59:04.570Z"}
{"level":"info","message":"Batch no 61 of assets is complete","timestamp":"2020-10-21T11:59:04.571Z"}
{"level":"info","message":"Downloaded avatar1.jpg: blt67766a12413625ef successfully!","timestamp":"2020-10-21T11:59:05.527Z"}
{"level":"info","message":"Downloaded Optimized-banner-nexttheme-min.jpeg: blt527fab79a6a68c35 successfully!","timestamp":"2020-10-21T11:59:05.725Z"}
{"level":"info","message":"Downloaded avatar6.jpg: blt9abfa46d5c638805 successfully!","timestamp":"2020-10-21T11:59:06.965Z"}
{"level":"info","message":"Downloaded gaming1.jpg: blt4c3904b77725c842 successfully!","timestamp":"2020-10-21T11:59:07.107Z"}
{"level":"info","message":"Downloaded technology.jpg: blta973497d15cabc57 successfully!","timestamp":"2020-10-21T11:59:07.144Z"}
{"level":"info","message":"Downloaded Blog_banner.jpg: bltc762316eb3f734eb successfully!","timestamp":"2020-10-21T11:59:07.560Z"}
{"level":"info","message":"Downloaded about.PNG: blt723326fe7dbe6fbb successfully!","timestamp":"2020-10-21T11:59:07.778Z"}
{"level":"info","message":"Downloaded education.jpg: blt2eaf1772a2ee1a48 successfully!","timestamp":"2020-10-21T11:59:07.822Z"}
{"level":"info","message":"Downloaded food_blog.jpg: blt42f12a3c44ba9eac successfully!","timestamp":"2020-10-21T11:59:08.044Z"}
{"level":"info","message":"Downloaded service.jpg: blta37f31c498886db5 successfully!","timestamp":"2020-10-21T11:59:08.162Z"}
{"level":"info","message":"Downloaded logo.png: blt8482e5b09ed32be1 successfully!","timestamp":"2020-10-21T11:59:08.355Z"}
{"level":"info","message":"Downloaded abc.jpg: blte6151521f5c4b1b6 successfully!","timestamp":"2020-10-21T11:59:08.647Z"}
{"level":"info","message":"Downloaded work1.jpg: bltebed396384e2b5a4 successfully!","timestamp":"2020-10-21T11:59:08.794Z"}
{"level":"info","message":"Downloaded services.jpg: bltf183ec8e1bb3ebf0 successfully!","timestamp":"2020-10-21T11:59:08.947Z"}
{"level":"info","message":"Downloaded avatar5.jpg: blt409c545fb89b8ecc successfully!","timestamp":"2020-10-21T11:59:09.142Z"}
{"level":"info","message":"Downloaded travel_blog_carousel_1.jpg: blt489029c491b81c9e successfully!","timestamp":"2020-10-21T11:59:09.260Z"}
{"level":"info","message":"Downloaded travel_blog.jpg: blt86ca8fd262989ee7 successfully!","timestamp":"2020-10-21T11:59:09.297Z"}
{"level":"info","message":"Downloaded background.png: bltf18c2746c2f59af5 successfully!","timestamp":"2020-10-21T11:59:09.590Z"}
{"level":"info","message":"Downloaded work3.jpg: blt21eac3c15410f982 successfully!","timestamp":"2020-10-21T11:59:09.733Z"}
{"level":"info","message":"Downloaded gaming.jpg: bltff1d2cf829fe8cca successfully!","timestamp":"2020-10-21T11:59:10.956Z"}
{"level":"info","message":"Batch no 41 of assets is complete","timestamp":"2020-10-21T11:59:10.956Z"}
{"level":"info","message":"Downloaded avatar5.jpg: bltf7e32ef5aa69f91d successfully!","timestamp":"2020-10-21T11:59:11.950Z"}
{"level":"info","message":"Downloaded avatar4.jpg: bltad2719becbce5450 successfully!","timestamp":"2020-10-21T11:59:11.964Z"}
{"level":"info","message":"Downloaded background.png: blt692e5fa1b2771b49 successfully!","timestamp":"2020-10-21T11:59:11.995Z"}
{"level":"info","message":"Downloaded avatar2.jpg: blt629ba3c0e4bda992 successfully!","timestamp":"2020-10-21T11:59:12.564Z"}
{"level":"info","message":"Downloaded avatar3.png: blt52150c40be14c4d4 successfully!","timestamp":"2020-10-21T11:59:12.580Z"}
{"level":"info","message":"Downloaded avatar6.jpg: blt5d9c28c98d2c7a86 successfully!","timestamp":"2020-10-21T11:59:13.171Z"}
{"level":"info","message":"Downloaded gaming.jpg: bltb7473101926a1287 successfully!","timestamp":"2020-10-21T11:59:13.515Z"}
{"level":"info","message":"Downloaded education.jpg: blt7a498b59e209ef2d successfully!","timestamp":"2020-10-21T11:59:13.564Z"}
{"level":"info","message":"Downloaded food_blog.jpg: bltf2d8a15b60f2a094 successfully!","timestamp":"2020-10-21T11:59:14.131Z"}
{"level":"info","message":"Downloaded service.jpg: blt6b4e683e3e34fe25 successfully!","timestamp":"2020-10-21T11:59:14.383Z"}
{"level":"info","message":"Downloaded about.PNG: bltc2893f9571f431f4 successfully!","timestamp":"2020-10-21T11:59:15.055Z"}
{"level":"info","message":"Downloaded travel_blog.jpg: blt1ae2e788fcb14b6d successfully!","timestamp":"2020-10-21T11:59:15.149Z"}
{"level":"info","message":"Downloaded Blog_banner.jpg: blt4679ec5135f6b60d successfully!","timestamp":"2020-10-21T11:59:15.174Z"}
{"level":"info","message":"Downloaded logo.png: bltcb7232791de900e8 successfully!","timestamp":"2020-10-21T11:59:15.202Z"}
{"level":"info","message":"Downloaded travel_blog_carousel_1.jpg: blt12acb9b416f651d4 successfully!","timestamp":"2020-10-21T11:59:15.582Z"}
{"level":"info","message":"Downloaded work1.jpg: bltb585e4e8e355f910 successfully!","timestamp":"2020-10-21T11:59:15.787Z"}
{"level":"info","message":"Downloaded abc.jpg: bltde866ae6854589a8 successfully!","timestamp":"2020-10-21T11:59:15.862Z"}
{"level":"info","message":"Downloaded avatar1.jpg: blt8070e3e86627fe3f successfully!","timestamp":"2020-10-21T11:59:15.887Z"}
{"level":"info","message":"Downloaded work3.jpg: bltf44e0543514515c6 successfully!","timestamp":"2020-10-21T11:59:16.174Z"}
{"level":"info","message":"Downloaded services.jpg: blt2488c268bcfbca62 successfully!","timestamp":"2020-10-21T11:59:16.492Z"}
{"level":"info","message":"Batch no 21 of assets is complete","timestamp":"2020-10-21T11:59:16.493Z"}
{"level":"info","message":"No folders were found in the stack!","timestamp":"2020-10-21T11:59:16.893Z"}
{"level":"info","message":"Starting locale export","timestamp":"2020-10-21T11:59:16.899Z"}
{"level":"info","message":"\u001b[32mAsset export completed successfully\u001b[39m","timestamp":"2020-10-21T11:59:16.894Z"}
{"level":"info","message":"No locales, other than master-locale were found in the Stack","timestamp":"2020-10-21T11:59:17.291Z"}
{"level":"info","message":"Starting environment export","timestamp":"2020-10-21T11:59:17.295Z"}
{"level":"info","message":"\u001b[32mAll the environments have been exported successfully\u001b[39m","timestamp":"2020-10-21T11:59:17.692Z"}
{"level":"info","message":"Starting extension export","timestamp":"2020-10-21T11:59:17.694Z"}
{"level":"info","message":"Starting webhooks export","timestamp":"2020-10-21T11:59:18.098Z"}
{"level":"info","message":"No webhooks were found in the Stack","timestamp":"2020-10-21T11:59:18.500Z"}
{"level":"info","message":"Starting Global Fields export","timestamp":"2020-10-21T11:59:18.503Z"}
{"level":"info","message":"No Global Fields were found in the Stack","timestamp":"2020-10-21T11:59:18.898Z"}
{"level":"info","message":"Starting content type export","timestamp":"2020-10-21T11:59:18.901Z"}
{"level":"info","message":"\u001b[32mContent type export completed successfully\u001b[39m","timestamp":"2020-10-21T11:59:19.398Z"}
{"level":"info","message":"Starting entry migration","timestamp":"2020-10-21T11:59:19.400Z"}
{"level":"info","message":"Completed exporting footer content type's entries in en-us locale","timestamp":"2020-10-21T11:59:20.199Z"}
{"level":"info","message":"Completed exporting about content type's entries in en-us locale","timestamp":"2020-10-21T11:59:21.016Z"}
{"level":"info","message":"Completed exporting contact content type's entries in en-us locale","timestamp":"2020-10-21T11:59:21.829Z"}
{"level":"info","message":"Completed exporting blog_posts content type's entries in en-us locale","timestamp":"2020-10-21T11:59:22.851Z"}
{"level":"info","message":"Completed exporting home content type's entries in en-us locale","timestamp":"2020-10-21T11:59:23.686Z"}
{"level":"info","message":"Completed exporting header content type's entries in en-us locale","timestamp":"2020-10-21T11:59:24.523Z"}
{"level":"info","message":"Entry migration completed successfully","timestamp":"2020-10-21T11:59:24.523Z"}
{"level":"info","message":"Starting labels export","timestamp":"2020-10-21T11:59:24.525Z"}
{"level":"info","message":"No labels, other than master-labels were found in the Stack","timestamp":"2020-10-21T11:59:24.932Z"}
{"level":"info","message":"\u001b[32mStack: blta8d650a1f99a3e8e has been exported succesfully!\u001b[39m","timestamp":"2020-10-21T11:59:24.933Z"}
{"level":"info","message":"The log for this is stored at stack-export/logs/export","timestamp":"2020-10-21T11:59:24.933Z"}
